Base path: C:/noWin/programs/unity2018/Editor/Data
Cmd: initializeCompiler
Cmd: compileComputeKernel
  api=4 insize=10881 outsize=10593 ok=1
Cmd: compileComputeKernel
  api=4 insize=4845 outsize=5397 ok=1
Cmd: compileComputeKernel
  api=4 insize=18299 outsize=8693 ok=1
Cmd: compileComputeKernel
  api=4 insize=18299 outsize=8925 ok=1
Cmd: compileComputeKernel
  api=4 insize=18299 outsize=10769 ok=1
Cmd: compileComputeKernel
  api=4 insize=2867 outsize=353 ok=1
Cmd: compileComputeKernel
  api=4 insize=1806 outsize=553 ok=1
Cmd: compileComputeKernel
  api=4 insize=2044 outsize=1037 ok=1
Unhandled exception: Protocol error - unexpected end of data (did the Editor crash?)

Quitting shader compiler process
